[I 2025-12-07 00:42:42,253] A new study created in memory with name: heatwave_optimization_climate_model
Optimization split: Train=[2017, 2018, 2019, 2020, 2021], Val=[2022]
STAGE 1: MODEL
  Trial 0: Loading/Computing features... [W 2025-12-07 00:43:12,357] Trial 0 failed with parameters: {'use_label_smoothing': False, 'iterations': 600, 'learning_rate': 0.04725396149933918, 'depth': 5, 'l2_leaf_reg': 0.2051110418843398, 'min_data_in_leaf': 6, 'grow_policy': 'SymmetricTree', 'bootstrap_type': 'Bernoulli', 'decision_threshold': 0.38493564427131044, 'use_class_weights': False} because of the following error: KeyboardInterrupt().
Traceback (most recent call last):
  File "/home/infres/vmorozov/miniconda3/envs/pointnet/lib/python3.12/site-packages/optuna/study/_optimize.py", line 197, in _run_trial
    value_or_values = func(trial)
                      ^^^^^^^^^^^
  File "/home/infres/vmorozov/code/optuna_optimize_climate.py", line 342, in __call__
    X_val, y_val, y_val_hard = load_years(
                               ^^^^^^^^^^^
  File "/home/infres/vmorozov/code/load_climate_data.py", line 132, in load_years
    def load_years(
    
KeyboardInterrupt
[W 2025-12-07 00:43:12,359] Trial 0 failed with value None.
Traceback (most recent call last):
  File "/home/infres/vmorozov/code/optuna_optimize_climate.py", line 485, in <module>
    main()
  File "/home/infres/vmorozov/code/optuna_optimize_climate.py", line 482, in main
    run_optimization(config_path=args.config, n_trials=args.trials)
  File "/home/infres/vmorozov/code/optuna_optimize_climate.py", line 438, in run_optimization
    study_model.optimize(objective, n_trials=n_trials)
  File "/home/infres/vmorozov/miniconda3/envs/pointnet/lib/python3.12/site-packages/optuna/study/study.py", line 475, in optimize
    _optimize(
  File "/home/infres/vmorozov/miniconda3/envs/pointnet/lib/python3.12/site-packages/optuna/study/_optimize.py", line 63, in _optimize
    _optimize_sequential(
  File "/home/infres/vmorozov/miniconda3/envs/pointnet/lib/python3.12/site-packages/optuna/study/_optimize.py", line 160, in _optimize_sequential
    frozen_trial = _run_trial(study, func, catch)
                   ^^^^^^^^^^^^^^^^^^^^^^^^^^^^^^
  File "/home/infres/vmorozov/miniconda3/envs/pointnet/lib/python3.12/site-packages/optuna/study/_optimize.py", line 248, in _run_trial
    raise func_err
  File "/home/infres/vmorozov/miniconda3/envs/pointnet/lib/python3.12/site-packages/optuna/study/_optimize.py", line 197, in _run_trial
    value_or_values = func(trial)
                      ^^^^^^^^^^^
  File "/home/infres/vmorozov/code/optuna_optimize_climate.py", line 342, in __call__
    X_val, y_val, y_val_hard = load_years(
                               ^^^^^^^^^^^
  File "/home/infres/vmorozov/code/load_climate_data.py", line 132, in load_years
    def load_years(
    
KeyboardInterrupt
